2013/04/21 21:12:11 [error] [php] Missing argument 3 for BusinessInterface::getAllList(), called in E:\Server\wwwroot\scorpion\protected\components\UserIdentity.php on line 28 and defined (E:\Server\wwwroot\scorpion\protected\business\BusinessInterface.php:564)
Stack trace:
#0 E:\Server\wwwroot\scorpion\framework\validators\CInlineValidator.php(42): LoginForm->authenticate()
#1 E:\Server\wwwroot\scorpion\framework\validators\CValidator.php(213): CInlineValidator->validateAttribute()
#2 E:\Server\wwwroot\scorpion\framework\base\CModel.php(159): CInlineValidator->validate()
#3 E:\Server\wwwroot\scorpion\protected\controllers\SiteController.php(94): LoginForm->validate()
#4 E:\Server\wwwroot\scorpion\framework\web\actions\CInlineAction.php(49): SiteController->actionLogin()
#5 E:\Server\wwwroot\scorpion\framework\web\CController.php(308): CInlineAction->runWithParams()
#6 E:\Server\wwwroot\scorpion\framework\web\CController.php(286): SiteController->runAction()
#7 E:\Server\wwwroot\scorpion\framework\web\CController.php(265): SiteController->runActionWithFilters()
#8 E:\Server\wwwroot\scorpion\framework\web\CWebApplication.php(282): SiteController->run()
#9 E:\Server\wwwroot\scorpion\framework\web\CWebApplication.php(141): CWebApplication->runController()
#10 E:\Server\wwwroot\scorpion\framework\base\CApplication.php(169): CWebApplication->processRequest()
#11 E:\Server\wwwroot\scorpion\index.php(13): CWebApplication->run()
REQUEST_URI=/scorpion/index.php?r=site/login
in E:\Server\wwwroot\scorpion\protected\business\BusinessInterface.php (564)
in E:\Server\wwwroot\scorpion\protected\components\UserIdentity.php (28)
in E:\Server\wwwroot\scorpion\protected\models\LoginForm.php (52)
2013/04/21 21:17:46 [error] [exception.CException] exception 'CException' with message 'Property "MUser.name" is not defined.' in E:\Server\wwwroot\scorpion\framework\base\CComponent.php:130
Stack trace:
#0 E:\Server\wwwroot\scorpion\framework\db\ar\CActiveRecord.php(143): CComponent->__get('name')
#1 E:\Server\wwwroot\scorpion\protected\utility\utility_framwork.php(11): CActiveRecord->__get('name')
#2 E:\Server\wwwroot\scorpion\protected\business\BusinessInterface.php(579): getListObject(Array, 'name', 'password')
#3 E:\Server\wwwroot\scorpion\protected\business\BusinessInterface.php(567): BusinessInterface->getList(Array, 'name', 'password')
#4 E:\Server\wwwroot\scorpion\protected\components\UserIdentity.php(28): BusinessInterface->getAllList('name', 'password')
#5 E:\Server\wwwroot\scorpion\protected\models\LoginForm.php(52): UserIdentity->authenticate()
#6 E:\Server\wwwroot\scorpion\framework\validators\CInlineValidator.php(42): LoginForm->authenticate('password', Array)
#7 E:\Server\wwwroot\scorpion\framework\validators\CValidator.php(213): CInlineValidator->validateAttribute(Object(LoginForm), 'password')
#8 E:\Server\wwwroot\scorpion\framework\base\CModel.php(159): CValidator->validate(Object(LoginForm), NULL)
#9 E:\Server\wwwroot\scorpion\protected\controllers\SiteController.php(94): CModel->validate()
#10 E:\Server\wwwroot\scorpion\framework\web\actions\CInlineAction.php(49): SiteController->actionLogin()
#11 E:\Server\wwwroot\scorpion\framework\web\CController.php(308): CInlineAction->runWithParams(Array)
#12 E:\Server\wwwroot\scorpion\framework\web\CController.php(286): CController->runAction(Object(CInlineAction))
#13 E:\Server\wwwroot\scorpion\framework\web\CController.php(265): CController->runActionWithFilters(Object(CInlineAction), Array)
#14 E:\Server\wwwroot\scorpion\framework\web\CWebApplication.php(282): CController->run('login')
#15 E:\Server\wwwroot\scorpion\framework\web\CWebApplication.php(141): CWebApplication->runController('site/login')
#16 E:\Server\wwwroot\scorpion\framework\base\CApplication.php(169): CWebApplication->processRequest()
#17 E:\Server\wwwroot\scorpion\index.php(16): CApplication->run()
#18 {main}
REQUEST_URI=/scorpion/index.php?r=site/login
HTTP_REFERER=http://localhost/scorpion/index.php?r=site/login
---
2013/04/21 21:48:36 [error] [exception.CException] exception 'CException' with message 'Property "CWebUser.role" is not defined.' in E:\Server\wwwroot\scorpion\framework\base\CComponent.php:130
Stack trace:
#0 E:\Server\wwwroot\scorpion\framework\web\auth\CWebUser.php(140): CComponent->__get('role')
#1 E:\Server\wwwroot\scorpion\protected\controllers\SiteController.php(29): CWebUser->__get('role')
#2 E:\Server\wwwroot\scorpion\framework\web\actions\CInlineAction.php(49): SiteController->actionIndex()
#3 E:\Server\wwwroot\scorpion\framework\web\CController.php(308): CInlineAction->runWithParams(Array)
#4 E:\Server\wwwroot\scorpion\framework\web\CController.php(286): CController->runAction(Object(CInlineAction))
#5 E:\Server\wwwroot\scorpion\framework\web\CController.php(265): CController->runActionWithFilters(Object(CInlineAction), Array)
#6 E:\Server\wwwroot\scorpion\framework\web\CWebApplication.php(282): CController->run('')
#7 E:\Server\wwwroot\scorpion\framework\web\CWebApplication.php(141): CWebApplication->runController('')
#8 E:\Server\wwwroot\scorpion\framework\base\CApplication.php(169): CWebApplication->processRequest()
#9 E:\Server\wwwroot\scorpion\index.php(16): CApplication->run()
#10 {main}
REQUEST_URI=/scorpion/index.php
HTTP_REFERER=http://localhost/scorpion/index.php?r=site/login
---
2013/05/05 14:12:08 [error] [exception.CException] exception 'CException' with message 'Alias "application.extensions.mbmenu.MbMenuBainisys" is invalid. Make sure it points to an existing PHP file and the file is readable.' in E:\Server\wwwroot\scorpion\framework\YiiBase.php:316
Stack trace:
#0 E:\Server\wwwroot\scorpion\framework\web\CWidgetFactory.php(146): YiiBase::import('application.ext...', true)
#1 E:\Server\wwwroot\scorpion\framework\web\CBaseController.php(146): CWidgetFactory->createWidget(Object(SiteController), 'application.ext...', Array)
#2 E:\Server\wwwroot\scorpion\framework\web\CBaseController.php(172): CBaseController->createWidget('application.ext...', Array)
#3 E:\Server\wwwroot\scorpion\protected\views\layouts\main.php(51): CBaseController->widget('application.ext...', Array)
#4 E:\Server\wwwroot\scorpion\framework\web\CBaseController.php(126): require('E:\Server\wwwro...')
#5 E:\Server\wwwroot\scorpion\framework\web\CBaseController.php(95): CBaseController->renderInternal('E:\Server\wwwro...', Array, true)
#6 E:\Server\wwwroot\scorpion\framework\web\widgets\CContentDecorator.php(76): CBaseController->renderFile('E:\Server\wwwro...', Array, true)
#7 E:\Server\wwwroot\scorpion\framework\web\widgets\CContentDecorator.php(54): CContentDecorator->decorate('<div id="conten...')
#8 E:\Server\wwwroot\scorpion\framework\web\widgets\COutputProcessor.php(44): CContentDecorator->processOutput('<div id="conten...')
#9 E:\Server\wwwroot\scorpion\framework\web\CBaseController.php(206): COutputProcessor->run()
#10 E:\Server\wwwroot\scorpion\framework\web\CBaseController.php(300): CBaseController->endWidget('CContentDecorat...')
#11 E:\Server\wwwroot\scorpion\protected\views\layouts\column1.php(6): CBaseController->endContent()
#12 E:\Server\wwwroot\scorpion\framework\web\CBaseController.php(126): require('E:\Server\wwwro...')
#13 E:\Server\wwwroot\scorpion\framework\web\CBaseController.php(95): CBaseController->renderInternal('E:\Server\wwwro...', Array, true)
#14 E:\Server\wwwroot\scorpion\framework\web\CController.php(784): CBaseController->renderFile('E:\Server\wwwro...', Array, true)
#15 E:\Server\wwwroot\scorpion\protected\controllers\SiteController.php(32): CController->render('index')
#16 E:\Server\wwwroot\scorpion\framework\web\actions\CInlineAction.php(49): SiteController->actionIndex()
#17 E:\Server\wwwroot\scorpion\framework\web\CController.php(308): CInlineAction->runWithParams(Array)
#18 E:\Server\wwwroot\scorpion\framework\web\CController.php(286): CController->runAction(Object(CInlineAction))
#19 E:\Server\wwwroot\scorpion\framework\web\CController.php(265): CController->runActionWithFilters(Object(CInlineAction), Array)
#20 E:\Server\wwwroot\scorpion\framework\web\CWebApplication.php(282): CController->run('')
#21 E:\Server\wwwroot\scorpion\framework\web\CWebApplication.php(141): CWebApplication->runController('')
#22 E:\Server\wwwroot\scorpion\framework\base\CApplication.php(169): CWebApplication->processRequest()
#23 E:\Server\wwwroot\scorpion\index.php(16): CApplication->run()
#24 {main}
REQUEST_URI=/scorpion/index.php
HTTP_REFERER=http://localhost/scorpion/index.php?r=site/login
---
2013/05/05 14:12:20 [error] [php] include(MbMenuCustom.php): failed to open stream: No such file or directory (E:\Server\wwwroot\scorpion\framework\YiiBase.php:421)
Stack trace:
#0 E:\Server\wwwroot\scorpion\framework\web\CWidgetFactory.php(147): spl_autoload_call()
#1 E:\Server\wwwroot\scorpion\framework\web\CBaseController.php(146): CWidgetFactory->createWidget()
#2 E:\Server\wwwroot\scorpion\framework\web\CBaseController.php(172): SiteController->createWidget()
#3 E:\Server\wwwroot\scorpion\protected\views\layouts\main.php(51): SiteController->widget()
#4 E:\Server\wwwroot\scorpion\framework\web\CBaseController.php(126): require()
#5 E:\Server\wwwroot\scorpion\framework\web\CBaseController.php(95): SiteController->renderInternal()
#6 E:\Server\wwwroot\scorpion\framework\web\widgets\CContentDecorator.php(76): SiteController->renderFile()
#7 E:\Server\wwwroot\scorpion\framework\web\widgets\CContentDecorator.php(54): CContentDecorator->decorate()
#8 E:\Server\wwwroot\scorpion\framework\web\widgets\COutputProcessor.php(44): CContentDecorator->processOutput()
#9 E:\Server\wwwroot\scorpion\framework\web\CBaseController.php(206): CContentDecorator->run()
#10 E:\Server\wwwroot\scorpion\framework\web\CBaseController.php(300): SiteController->endWidget()
#11 E:\Server\wwwroot\scorpion\protected\views\layouts\column1.php(6): SiteController->endContent()
#12 E:\Server\wwwroot\scorpion\framework\web\CBaseController.php(126): require()
#13 E:\Server\wwwroot\scorpion\framework\web\CBaseController.php(95): SiteController->renderInternal()
#14 E:\Server\wwwroot\scorpion\framework\web\CController.php(784): SiteController->renderFile()
#15 E:\Server\wwwroot\scorpion\protected\controllers\SiteController.php(32): SiteController->render()
#16 E:\Server\wwwroot\scorpion\framework\web\actions\CInlineAction.php(49): SiteController->actionIndex()
#17 E:\Server\wwwroot\scorpion\framework\web\CController.php(308): CInlineAction->runWithParams()
#18 E:\Server\wwwroot\scorpion\framework\web\CController.php(286): SiteController->runAction()
#19 E:\Server\wwwroot\scorpion\framework\web\CController.php(265): SiteController->runActionWithFilters()
#20 E:\Server\wwwroot\scorpion\framework\web\CWebApplication.php(282): SiteController->run()
#21 E:\Server\wwwroot\scorpion\framework\web\CWebApplication.php(141): CWebApplication->runController()
#22 E:\Server\wwwroot\scorpion\framework\base\CApplication.php(169): CWebApplication->processRequest()
#23 E:\Server\wwwroot\scorpion\index.php(16): CWebApplication->run()
REQUEST_URI=/scorpion/index.php
in E:\Server\wwwroot\scorpion\protected\views\layouts\main.php (51)
in E:\Server\wwwroot\scorpion\protected\views\layouts\column1.php (6)
in E:\Server\wwwroot\scorpion\protected\controllers\SiteController.php (32)
2013/05/05 14:12:41 [error] [php] include(MbMenuCustom.php): failed to open stream: No such file or directory (E:\Server\wwwroot\scorpion\framework\YiiBase.php:421)
Stack trace:
#0 E:\Server\wwwroot\scorpion\framework\web\CWidgetFactory.php(147): spl_autoload_call()
#1 E:\Server\wwwroot\scorpion\framework\web\CBaseController.php(146): CWidgetFactory->createWidget()
#2 E:\Server\wwwroot\scorpion\framework\web\CBaseController.php(172): SiteController->createWidget()
#3 E:\Server\wwwroot\scorpion\protected\views\layouts\main.php(51): SiteController->widget()
#4 E:\Server\wwwroot\scorpion\framework\web\CBaseController.php(126): require()
#5 E:\Server\wwwroot\scorpion\framework\web\CBaseController.php(95): SiteController->renderInternal()
#6 E:\Server\wwwroot\scorpion\framework\web\widgets\CContentDecorator.php(76): SiteController->renderFile()
#7 E:\Server\wwwroot\scorpion\framework\web\widgets\CContentDecorator.php(54): CContentDecorator->decorate()
#8 E:\Server\wwwroot\scorpion\framework\web\widgets\COutputProcessor.php(44): CContentDecorator->processOutput()
#9 E:\Server\wwwroot\scorpion\framework\web\CBaseController.php(206): CContentDecorator->run()
#10 E:\Server\wwwroot\scorpion\framework\web\CBaseController.php(300): SiteController->endWidget()
#11 E:\Server\wwwroot\scorpion\protected\views\layouts\column1.php(6): SiteController->endContent()
#12 E:\Server\wwwroot\scorpion\framework\web\CBaseController.php(126): require()
#13 E:\Server\wwwroot\scorpion\framework\web\CBaseController.php(95): SiteController->renderInternal()
#14 E:\Server\wwwroot\scorpion\framework\web\CController.php(784): SiteController->renderFile()
#15 E:\Server\wwwroot\scorpion\protected\controllers\SiteController.php(32): SiteController->render()
#16 E:\Server\wwwroot\scorpion\framework\web\actions\CInlineAction.php(49): SiteController->actionIndex()
#17 E:\Server\wwwroot\scorpion\framework\web\CController.php(308): CInlineAction->runWithParams()
#18 E:\Server\wwwroot\scorpion\framework\web\CController.php(286): SiteController->runAction()
#19 E:\Server\wwwroot\scorpion\framework\web\CController.php(265): SiteController->runActionWithFilters()
#20 E:\Server\wwwroot\scorpion\framework\web\CWebApplication.php(282): SiteController->run()
#21 E:\Server\wwwroot\scorpion\framework\web\CWebApplication.php(141): CWebApplication->runController()
#22 E:\Server\wwwroot\scorpion\framework\base\CApplication.php(169): CWebApplication->processRequest()
#23 E:\Server\wwwroot\scorpion\index.php(16): CWebApplication->run()
REQUEST_URI=/scorpion/index.php
in E:\Server\wwwroot\scorpion\protected\views\layouts\main.php (51)
in E:\Server\wwwroot\scorpion\protected\views\layouts\column1.php (6)
in E:\Server\wwwroot\scorpion\protected\controllers\SiteController.php (32)
2013/05/05 14:12:57 [error] [php] include(MbMenuCustom.php): failed to open stream: No such file or directory (E:\Server\wwwroot\scorpion\framework\YiiBase.php:421)
Stack trace:
#0 E:\Server\wwwroot\scorpion\framework\web\CWidgetFactory.php(147): spl_autoload_call()
#1 E:\Server\wwwroot\scorpion\framework\web\CBaseController.php(146): CWidgetFactory->createWidget()
#2 E:\Server\wwwroot\scorpion\framework\web\CBaseController.php(172): SiteController->createWidget()
#3 E:\Server\wwwroot\scorpion\protected\views\layouts\main.php(51): SiteController->widget()
#4 E:\Server\wwwroot\scorpion\framework\web\CBaseController.php(126): require()
#5 E:\Server\wwwroot\scorpion\framework\web\CBaseController.php(95): SiteController->renderInternal()
#6 E:\Server\wwwroot\scorpion\framework\web\widgets\CContentDecorator.php(76): SiteController->renderFile()
#7 E:\Server\wwwroot\scorpion\framework\web\widgets\CContentDecorator.php(54): CContentDecorator->decorate()
#8 E:\Server\wwwroot\scorpion\framework\web\widgets\COutputProcessor.php(44): CContentDecorator->processOutput()
#9 E:\Server\wwwroot\scorpion\framework\web\CBaseController.php(206): CContentDecorator->run()
#10 E:\Server\wwwroot\scorpion\framework\web\CBaseController.php(300): SiteController->endWidget()
#11 E:\Server\wwwroot\scorpion\protected\views\layouts\column1.php(6): SiteController->endContent()
#12 E:\Server\wwwroot\scorpion\framework\web\CBaseController.php(126): require()
#13 E:\Server\wwwroot\scorpion\framework\web\CBaseController.php(95): SiteController->renderInternal()
#14 E:\Server\wwwroot\scorpion\framework\web\CController.php(784): SiteController->renderFile()
#15 E:\Server\wwwroot\scorpion\protected\controllers\SiteController.php(32): SiteController->render()
#16 E:\Server\wwwroot\scorpion\framework\web\actions\CInlineAction.php(49): SiteController->actionIndex()
#17 E:\Server\wwwroot\scorpion\framework\web\CController.php(308): CInlineAction->runWithParams()
#18 E:\Server\wwwroot\scorpion\framework\web\CController.php(286): SiteController->runAction()
#19 E:\Server\wwwroot\scorpion\framework\web\CController.php(265): SiteController->runActionWithFilters()
#20 E:\Server\wwwroot\scorpion\framework\web\CWebApplication.php(282): SiteController->run()
#21 E:\Server\wwwroot\scorpion\framework\web\CWebApplication.php(141): CWebApplication->runController()
#22 E:\Server\wwwroot\scorpion\framework\base\CApplication.php(169): CWebApplication->processRequest()
#23 E:\Server\wwwroot\scorpion\index.php(16): CWebApplication->run()
REQUEST_URI=/scorpion/index.php
in E:\Server\wwwroot\scorpion\protected\views\layouts\main.php (51)
in E:\Server\wwwroot\scorpion\protected\views\layouts\column1.php (6)
in E:\Server\wwwroot\scorpion\protected\controllers\SiteController.php (32)
2013/05/05 14:19:03 [error] [php] max(): Array must contain at least one element (E:\Server\wwwroot\scorpion\protected\extensions\mbmenu\MbMenuCustom.php:45)
Stack trace:
#0 E:\Server\wwwroot\scorpion\framework\web\CBaseController.php(147): MbMenuCustom->init()
#1 E:\Server\wwwroot\scorpion\framework\web\CBaseController.php(172): SiteController->createWidget()
#2 E:\Server\wwwroot\scorpion\protected\views\layouts\main.php(45): SiteController->widget()
#3 E:\Server\wwwroot\scorpion\framework\web\CBaseController.php(126): require()
#4 E:\Server\wwwroot\scorpion\framework\web\CBaseController.php(95): SiteController->renderInternal()
#5 E:\Server\wwwroot\scorpion\framework\web\widgets\CContentDecorator.php(76): SiteController->renderFile()
#6 E:\Server\wwwroot\scorpion\framework\web\widgets\CContentDecorator.php(54): CContentDecorator->decorate()
#7 E:\Server\wwwroot\scorpion\framework\web\widgets\COutputProcessor.php(44): CContentDecorator->processOutput()
#8 E:\Server\wwwroot\scorpion\framework\web\CBaseController.php(206): CContentDecorator->run()
#9 E:\Server\wwwroot\scorpion\framework\web\CBaseController.php(300): SiteController->endWidget()
#10 E:\Server\wwwroot\scorpion\protected\views\layouts\column1.php(6): SiteController->endContent()
#11 E:\Server\wwwroot\scorpion\framework\web\CBaseController.php(126): require()
#12 E:\Server\wwwroot\scorpion\framework\web\CBaseController.php(95): SiteController->renderInternal()
#13 E:\Server\wwwroot\scorpion\framework\web\CController.php(784): SiteController->renderFile()
#14 E:\Server\wwwroot\scorpion\protected\controllers\SiteController.php(32): SiteController->render()
#15 E:\Server\wwwroot\scorpion\framework\web\actions\CInlineAction.php(49): SiteController->actionIndex()
#16 E:\Server\wwwroot\scorpion\framework\web\CController.php(308): CInlineAction->runWithParams()
#17 E:\Server\wwwroot\scorpion\framework\web\CController.php(286): SiteController->runAction()
#18 E:\Server\wwwroot\scorpion\framework\web\CController.php(265): SiteController->runActionWithFilters()
#19 E:\Server\wwwroot\scorpion\framework\web\CWebApplication.php(282): SiteController->run()
#20 E:\Server\wwwroot\scorpion\framework\web\CWebApplication.php(141): CWebApplication->runController()
#21 E:\Server\wwwroot\scorpion\framework\base\CApplication.php(169): CWebApplication->processRequest()
#22 E:\Server\wwwroot\scorpion\index.php(16): CWebApplication->run()
REQUEST_URI=/scorpion/index.php
in E:\Server\wwwroot\scorpion\protected\extensions\mbmenu\MbMenuCustom.php (45)
in E:\Server\wwwroot\scorpion\protected\extensions\mbmenu\MbMenuCustom.php (95)
in E:\Server\wwwroot\scorpion\protected\views\layouts\main.php (45)
2013/05/05 14:19:17 [error] [exception.CException] exception 'CException' with message 'Property "MbMenuCustom.0" is not defined.' in E:\Server\wwwroot\scorpion\framework\base\CComponent.php:173
Stack trace:
#0 E:\Server\wwwroot\scorpion\framework\web\CWidgetFactory.php(161): CComponent->__set('0', Array)
#1 E:\Server\wwwroot\scorpion\framework\web\CBaseController.php(146): CWidgetFactory->createWidget(Object(SiteController), 'application.ext...', Array)
#2 E:\Server\wwwroot\scorpion\framework\web\CBaseController.php(172): CBaseController->createWidget('application.ext...', Array)
#3 E:\Server\wwwroot\scorpion\protected\views\layouts\main.php(45): CBaseController->widget('application.ext...', Array)
#4 E:\Server\wwwroot\scorpion\framework\web\CBaseController.php(126): require('E:\Server\wwwro...')
#5 E:\Server\wwwroot\scorpion\framework\web\CBaseController.php(95): CBaseController->renderInternal('E:\Server\wwwro...', Array, true)
#6 E:\Server\wwwroot\scorpion\framework\web\widgets\CContentDecorator.php(76): CBaseController->renderFile('E:\Server\wwwro...', Array, true)
#7 E:\Server\wwwroot\scorpion\framework\web\widgets\CContentDecorator.php(54): CContentDecorator->decorate('<div id="conten...')
#8 E:\Server\wwwroot\scorpion\framework\web\widgets\COutputProcessor.php(44): CContentDecorator->processOutput('<div id="conten...')
#9 E:\Server\wwwroot\scorpion\framework\web\CBaseController.php(206): COutputProcessor->run()
#10 E:\Server\wwwroot\scorpion\framework\web\CBaseController.php(300): CBaseController->endWidget('CContentDecorat...')
#11 E:\Server\wwwroot\scorpion\protected\views\layouts\column1.php(6): CBaseController->endContent()
#12 E:\Server\wwwroot\scorpion\framework\web\CBaseController.php(126): require('E:\Server\wwwro...')
#13 E:\Server\wwwroot\scorpion\framework\web\CBaseController.php(95): CBaseController->renderInternal('E:\Server\wwwro...', Array, true)
#14 E:\Server\wwwroot\scorpion\framework\web\CController.php(784): CBaseController->renderFile('E:\Server\wwwro...', Array, true)
#15 E:\Server\wwwroot\scorpion\protected\controllers\SiteController.php(32): CController->render('index')
#16 E:\Server\wwwroot\scorpion\framework\web\actions\CInlineAction.php(49): SiteController->actionIndex()
#17 E:\Server\wwwroot\scorpion\framework\web\CController.php(308): CInlineAction->runWithParams(Array)
#18 E:\Server\wwwroot\scorpion\framework\web\CController.php(286): CController->runAction(Object(CInlineAction))
#19 E:\Server\wwwroot\scorpion\framework\web\CController.php(265): CController->runActionWithFilters(Object(CInlineAction), Array)
#20 E:\Server\wwwroot\scorpion\framework\web\CWebApplication.php(282): CController->run('')
#21 E:\Server\wwwroot\scorpion\framework\web\CWebApplication.php(141): CWebApplication->runController('')
#22 E:\Server\wwwroot\scorpion\framework\base\CApplication.php(169): CWebApplication->processRequest()
#23 E:\Server\wwwroot\scorpion\index.php(16): CApplication->run()
#24 {main}
REQUEST_URI=/scorpion/index.php
HTTP_REFERER=http://localhost/scorpion/index.php?r=site/login
---
2013/05/05 15:54:02 [error] [php] include(XHtml.php): failed to open stream: No such file or directory (E:\Server\wwwroot\scorpion\framework\YiiBase.php:421)
Stack trace:
#0 E:\Server\wwwroot\scorpion\protected\views\user\index.php(3): spl_autoload_call()
#1 E:\Server\wwwroot\scorpion\framework\web\CBaseController.php(126): require()
#2 E:\Server\wwwroot\scorpion\framework\web\CBaseController.php(95): UserController->renderInternal()
#3 E:\Server\wwwroot\scorpion\framework\web\CController.php(869): UserController->renderFile()
#4 E:\Server\wwwroot\scorpion\framework\web\CController.php(782): UserController->renderPartial()
#5 E:\Server\wwwroot\scorpion\protected\controllers\UserController.php(35): UserController->render()
#6 E:\Server\wwwroot\scorpion\framework\web\actions\CInlineAction.php(49): UserController->actionManageUser()
#7 E:\Server\wwwroot\scorpion\framework\web\CController.php(308): CInlineAction->runWithParams()
#8 E:\Server\wwwroot\scorpion\framework\web\filters\CFilterChain.php(133): UserController->runAction()
#9 E:\Server\wwwroot\scorpion\framework\web\filters\CFilter.php(40): CFilterChain->run()
#10 E:\Server\wwwroot\scorpion\framework\web\CController.php(1145): CAccessControlFilter->filter()
#11 E:\Server\wwwroot\scorpion\framework\web\filters\CInlineFilter.php(58): UserController->filterAccessControl()
#12 E:\Server\wwwroot\scorpion\framework\web\filters\CFilterChain.php(130): CInlineFilter->filter()
#13 E:\Server\wwwroot\scorpion\framework\web\CController.php(291): CFilterChain->run()
#14 E:\Server\wwwroot\scorpion\framework\web\CController.php(265): UserController->runActionWithFilters()
#15 E:\Server\wwwroot\scorpion\framework\web\CWebApplication.php(282): UserController->run()
#16 E:\Server\wwwroot\scorpion\framework\web\CWebApplication.php(141): CWebApplication->runController()
#17 E:\Server\wwwroot\scorpion\framework\base\CApplication.php(169): CWebApplication->processRequest()
#18 E:\Server\wwwroot\scorpion\index.php(16): CWebApplication->run()
REQUEST_URI=/scorpion/index.php?r=user/manageuser
in E:\Server\wwwroot\scorpion\protected\views\user\index.php (3)
in E:\Server\wwwroot\scorpion\protected\controllers\UserController.php (35)
in E:\Server\wwwroot\scorpion\index.php (16)
2013/05/05 15:55:13 [error] [exception.CException] exception 'CException' with message 'Property "UserController.permission" is not defined.' in E:\Server\wwwroot\scorpion\framework\base\CComponent.php:130
Stack trace:
#0 E:\Server\wwwroot\scorpion\protected\views\user\index.php(28): CComponent->__get('permission')
#1 E:\Server\wwwroot\scorpion\framework\web\CBaseController.php(126): require('E:\Server\wwwro...')
#2 E:\Server\wwwroot\scorpion\framework\web\CBaseController.php(95): CBaseController->renderInternal('E:\Server\wwwro...', NULL, true)
#3 E:\Server\wwwroot\scorpion\framework\web\CController.php(869): CBaseController->renderFile('E:\Server\wwwro...', NULL, true)
#4 E:\Server\wwwroot\scorpion\framework\web\CController.php(782): CController->renderPartial('index', NULL, true)
#5 E:\Server\wwwroot\scorpion\protected\controllers\UserController.php(35): CController->render('index')
#6 E:\Server\wwwroot\scorpion\framework\web\actions\CInlineAction.php(49): UserController->actionManageUser()
#7 E:\Server\wwwroot\scorpion\framework\web\CController.php(308): CInlineAction->runWithParams(Array)
#8 E:\Server\wwwroot\scorpion\framework\web\filters\CFilterChain.php(133): CController->runAction(Object(CInlineAction))
#9 E:\Server\wwwroot\scorpion\framework\web\filters\CFilter.php(40): CFilterChain->run()
#10 E:\Server\wwwroot\scorpion\framework\web\CController.php(1145): CFilter->filter(Object(CFilterChain))
#11 E:\Server\wwwroot\scorpion\framework\web\filters\CInlineFilter.php(58): CController->filterAccessControl(Object(CFilterChain))
#12 E:\Server\wwwroot\scorpion\framework\web\filters\CFilterChain.php(130): CInlineFilter->filter(Object(CFilterChain))
#13 E:\Server\wwwroot\scorpion\framework\web\CController.php(291): CFilterChain->run()
#14 E:\Server\wwwroot\scorpion\framework\web\CController.php(265): CController->runActionWithFilters(Object(CInlineAction), Array)
#15 E:\Server\wwwroot\scorpion\framework\web\CWebApplication.php(282): CController->run('manageuser')
#16 E:\Server\wwwroot\scorpion\framework\web\CWebApplication.php(141): CWebApplication->runController('user/manageuser')
#17 E:\Server\wwwroot\scorpion\framework\base\CApplication.php(169): CWebApplication->processRequest()
#18 E:\Server\wwwroot\scorpion\index.php(16): CApplication->run()
#19 {main}
REQUEST_URI=/scorpion/index.php?r=user/manageuser
HTTP_REFERER=http://localhost/scorpion/index.php?r=user/manageuser
---
2013/05/05 16:00:36 [error] [exception.CException] exception 'CException' with message 'Property "UserController.permission" is not defined.' in E:\Server\wwwroot\scorpion\framework\base\CComponent.php:130
Stack trace:
#0 E:\Server\wwwroot\scorpion\protected\views\user\manageUser.php(70): CComponent->__get('permission')
#1 E:\Server\wwwroot\scorpion\framework\web\CBaseController.php(126): require('E:\Server\wwwro...')
#2 E:\Server\wwwroot\scorpion\framework\web\CBaseController.php(95): CBaseController->renderInternal('E:\Server\wwwro...', Array, true)
#3 E:\Server\wwwroot\scorpion\framework\web\CController.php(869): CBaseController->renderFile('E:\Server\wwwro...', Array, true)
#4 E:\Server\wwwroot\scorpion\framework\web\CController.php(782): CController->renderPartial('manageUser', Array, true)
#5 E:\Server\wwwroot\scorpion\protected\controllers\UserController.php(46): CController->render('manageUser', Array)
#6 E:\Server\wwwroot\scorpion\framework\web\actions\CInlineAction.php(49): UserController->actionManageUser()
#7 E:\Server\wwwroot\scorpion\framework\web\CController.php(308): CInlineAction->runWithParams(Array)
#8 E:\Server\wwwroot\scorpion\framework\web\filters\CFilterChain.php(133): CController->runAction(Object(CInlineAction))
#9 E:\Server\wwwroot\scorpion\framework\web\filters\CFilter.php(40): CFilterChain->run()
#10 E:\Server\wwwroot\scorpion\framework\web\CController.php(1145): CFilter->filter(Object(CFilterChain))
#11 E:\Server\wwwroot\scorpion\framework\web\filters\CInlineFilter.php(58): CController->filterAccessControl(Object(CFilterChain))
#12 E:\Server\wwwroot\scorpion\framework\web\filters\CFilterChain.php(130): CInlineFilter->filter(Object(CFilterChain))
#13 E:\Server\wwwroot\scorpion\framework\web\CController.php(291): CFilterChain->run()
#14 E:\Server\wwwroot\scorpion\framework\web\CController.php(265): CController->runActionWithFilters(Object(CInlineAction), Array)
#15 E:\Server\wwwroot\scorpion\framework\web\CWebApplication.php(282): CController->run('manageuser')
#16 E:\Server\wwwroot\scorpion\framework\web\CWebApplication.php(141): CWebApplication->runController('user/manageuser')
#17 E:\Server\wwwroot\scorpion\framework\base\CApplication.php(169): CWebApplication->processRequest()
#18 E:\Server\wwwroot\scorpion\index.php(16): CApplication->run()
#19 {main}
REQUEST_URI=/scorpion/index.php?r=user/manageuser
HTTP_REFERER=http://localhost/scorpion/index.php?r=user/manageuser
---
2013/05/05 16:01:02 [error] [exception.CException] exception 'CException' with message 'Property "UserController.permission" is not defined.' in E:\Server\wwwroot\scorpion\framework\base\CComponent.php:130
Stack trace:
#0 E:\Server\wwwroot\scorpion\protected\views\user\manageUser.php(85): CComponent->__get('permission')
#1 E:\Server\wwwroot\scorpion\framework\web\CBaseController.php(126): require('E:\Server\wwwro...')
#2 E:\Server\wwwroot\scorpion\framework\web\CBaseController.php(95): CBaseController->renderInternal('E:\Server\wwwro...', Array, true)
#3 E:\Server\wwwroot\scorpion\framework\web\CController.php(869): CBaseController->renderFile('E:\Server\wwwro...', Array, true)
#4 E:\Server\wwwroot\scorpion\framework\web\CController.php(782): CController->renderPartial('manageUser', Array, true)
#5 E:\Server\wwwroot\scorpion\protected\controllers\UserController.php(46): CController->render('manageUser', Array)
#6 E:\Server\wwwroot\scorpion\framework\web\actions\CInlineAction.php(49): UserController->actionManageUser()
#7 E:\Server\wwwroot\scorpion\framework\web\CController.php(308): CInlineAction->runWithParams(Array)
#8 E:\Server\wwwroot\scorpion\framework\web\filters\CFilterChain.php(133): CController->runAction(Object(CInlineAction))
#9 E:\Server\wwwroot\scorpion\framework\web\filters\CFilter.php(40): CFilterChain->run()
#10 E:\Server\wwwroot\scorpion\framework\web\CController.php(1145): CFilter->filter(Object(CFilterChain))
#11 E:\Server\wwwroot\scorpion\framework\web\filters\CInlineFilter.php(58): CController->filterAccessControl(Object(CFilterChain))
#12 E:\Server\wwwroot\scorpion\framework\web\filters\CFilterChain.php(130): CInlineFilter->filter(Object(CFilterChain))
#13 E:\Server\wwwroot\scorpion\framework\web\CController.php(291): CFilterChain->run()
#14 E:\Server\wwwroot\scorpion\framework\web\CController.php(265): CController->runActionWithFilters(Object(CInlineAction), Array)
#15 E:\Server\wwwroot\scorpion\framework\web\CWebApplication.php(282): CController->run('manageuser')
#16 E:\Server\wwwroot\scorpion\framework\web\CWebApplication.php(141): CWebApplication->runController('user/manageuser')
#17 E:\Server\wwwroot\scorpion\framework\base\CApplication.php(169): CWebApplication->processRequest()
#18 E:\Server\wwwroot\scorpion\index.php(16): CApplication->run()
#19 {main}
REQUEST_URI=/scorpion/index.php?r=user/manageuser
HTTP_REFERER=http://localhost/scorpion/index.php?r=user/manageuser
---
2013/05/05 16:01:17 [error] [exception.CException] exception 'CException' with message 'Property "UserController.permission" is not defined.' in E:\Server\wwwroot\scorpion\framework\base\CComponent.php:130
Stack trace:
#0 E:\Server\wwwroot\scorpion\protected\views\user\manageUser.php(91): CComponent->__get('permission')
#1 E:\Server\wwwroot\scorpion\framework\web\CBaseController.php(126): require('E:\Server\wwwro...')
#2 E:\Server\wwwroot\scorpion\framework\web\CBaseController.php(95): CBaseController->renderInternal('E:\Server\wwwro...', Array, true)
#3 E:\Server\wwwroot\scorpion\framework\web\CController.php(869): CBaseController->renderFile('E:\Server\wwwro...', Array, true)
#4 E:\Server\wwwroot\scorpion\framework\web\CController.php(782): CController->renderPartial('manageUser', Array, true)
#5 E:\Server\wwwroot\scorpion\protected\controllers\UserController.php(46): CController->render('manageUser', Array)
#6 E:\Server\wwwroot\scorpion\framework\web\actions\CInlineAction.php(49): UserController->actionManageUser()
#7 E:\Server\wwwroot\scorpion\framework\web\CController.php(308): CInlineAction->runWithParams(Array)
#8 E:\Server\wwwroot\scorpion\framework\web\filters\CFilterChain.php(133): CController->runAction(Object(CInlineAction))
#9 E:\Server\wwwroot\scorpion\framework\web\filters\CFilter.php(40): CFilterChain->run()
#10 E:\Server\wwwroot\scorpion\framework\web\CController.php(1145): CFilter->filter(Object(CFilterChain))
#11 E:\Server\wwwroot\scorpion\framework\web\filters\CInlineFilter.php(58): CController->filterAccessControl(Object(CFilterChain))
#12 E:\Server\wwwroot\scorpion\framework\web\filters\CFilterChain.php(130): CInlineFilter->filter(Object(CFilterChain))
#13 E:\Server\wwwroot\scorpion\framework\web\CController.php(291): CFilterChain->run()
#14 E:\Server\wwwroot\scorpion\framework\web\CController.php(265): CController->runActionWithFilters(Object(CInlineAction), Array)
#15 E:\Server\wwwroot\scorpion\framework\web\CWebApplication.php(282): CController->run('manageuser')
#16 E:\Server\wwwroot\scorpion\framework\web\CWebApplication.php(141): CWebApplication->runController('user/manageuser')
#17 E:\Server\wwwroot\scorpion\framework\base\CApplication.php(169): CWebApplication->processRequest()
#18 E:\Server\wwwroot\scorpion\index.php(16): CApplication->run()
#19 {main}
REQUEST_URI=/scorpion/index.php?r=user/manageuser
HTTP_REFERER=http://localhost/scorpion/index.php?r=user/manageuser
---
2013/05/05 16:01:25 [error] [exception.CException] exception 'CException' with message 'Alias "zii.widgets.grid.CGridViewBainisys" is invalid. Make sure it points to an existing PHP file and the file is readable.' in E:\Server\wwwroot\scorpion\framework\YiiBase.php:316
Stack trace:
#0 E:\Server\wwwroot\scorpion\framework\web\CWidgetFactory.php(146): YiiBase::import('zii.widgets.gri...', true)
#1 E:\Server\wwwroot\scorpion\framework\web\CBaseController.php(146): CWidgetFactory->createWidget(Object(UserController), 'zii.widgets.gri...', Array)
#2 E:\Server\wwwroot\scorpion\framework\web\CBaseController.php(172): CBaseController->createWidget('zii.widgets.gri...', Array)
#3 E:\Server\wwwroot\scorpion\protected\views\user\manageUser.php(110): CBaseController->widget('zii.widgets.gri...', Array)
#4 E:\Server\wwwroot\scorpion\framework\web\CBaseController.php(126): require('E:\Server\wwwro...')
#5 E:\Server\wwwroot\scorpion\framework\web\CBaseController.php(95): CBaseController->renderInternal('E:\Server\wwwro...', Array, true)
#6 E:\Server\wwwroot\scorpion\framework\web\CController.php(869): CBaseController->renderFile('E:\Server\wwwro...', Array, true)
#7 E:\Server\wwwroot\scorpion\framework\web\CController.php(782): CController->renderPartial('manageUser', Array, true)
#8 E:\Server\wwwroot\scorpion\protected\controllers\UserController.php(46): CController->render('manageUser', Array)
#9 E:\Server\wwwroot\scorpion\framework\web\actions\CInlineAction.php(49): UserController->actionManageUser()
#10 E:\Server\wwwroot\scorpion\framework\web\CController.php(308): CInlineAction->runWithParams(Array)
#11 E:\Server\wwwroot\scorpion\framework\web\filters\CFilterChain.php(133): CController->runAction(Object(CInlineAction))
#12 E:\Server\wwwroot\scorpion\framework\web\filters\CFilter.php(40): CFilterChain->run()
#13 E:\Server\wwwroot\scorpion\framework\web\CController.php(1145): CFilter->filter(Object(CFilterChain))
#14 E:\Server\wwwroot\scorpion\framework\web\filters\CInlineFilter.php(58): CController->filterAccessControl(Object(CFilterChain))
#15 E:\Server\wwwroot\scorpion\framework\web\filters\CFilterChain.php(130): CInlineFilter->filter(Object(CFilterChain))
#16 E:\Server\wwwroot\scorpion\framework\web\CController.php(291): CFilterChain->run()
#17 E:\Server\wwwroot\scorpion\framework\web\CController.php(265): CController->runActionWithFilters(Object(CInlineAction), Array)
#18 E:\Server\wwwroot\scorpion\framework\web\CWebApplication.php(282): CController->run('manageuser')
#19 E:\Server\wwwroot\scorpion\framework\web\CWebApplication.php(141): CWebApplication->runController('user/manageuser')
#20 E:\Server\wwwroot\scorpion\framework\base\CApplication.php(169): CWebApplication->processRequest()
#21 E:\Server\wwwroot\scorpion\index.php(16): CApplication->run()
#22 {main}
REQUEST_URI=/scorpion/index.php?r=user/manageuser
HTTP_REFERER=http://localhost/scorpion/index.php?r=user/manageuser
---
2013/05/05 16:02:11 [error] [php] include(CCheckBoxColumnBainisys.php): failed to open stream: No such file or directory (E:\Server\wwwroot\scorpion\framework\YiiBase.php:421)
Stack trace:
#0 E:\Server\wwwroot\scorpion\framework\YiiBase.php(196): import()
#1 E:\Server\wwwroot\scorpion\framework\zii\widgets\grid\CGridViewBainisys.php(42): createComponent()
#2 E:\Server\wwwroot\scorpion\framework\zii\widgets\grid\CGridView.php(334): CGridViewBainisys->initColumns()
#3 E:\Server\wwwroot\scorpion\framework\web\CBaseController.php(147): CGridViewBainisys->init()
#4 E:\Server\wwwroot\scorpion\framework\web\CBaseController.php(172): UserController->createWidget()
#5 E:\Server\wwwroot\scorpion\protected\views\user\manageUser.php(110): UserController->widget()
#6 E:\Server\wwwroot\scorpion\framework\web\CBaseController.php(126): require()
#7 E:\Server\wwwroot\scorpion\framework\web\CBaseController.php(95): UserController->renderInternal()
#8 E:\Server\wwwroot\scorpion\framework\web\CController.php(869): UserController->renderFile()
#9 E:\Server\wwwroot\scorpion\framework\web\CController.php(782): UserController->renderPartial()
#10 E:\Server\wwwroot\scorpion\protected\controllers\UserController.php(46): UserController->render()
#11 E:\Server\wwwroot\scorpion\framework\web\actions\CInlineAction.php(49): UserController->actionManageUser()
#12 E:\Server\wwwroot\scorpion\framework\web\CController.php(308): CInlineAction->runWithParams()
#13 E:\Server\wwwroot\scorpion\framework\web\filters\CFilterChain.php(133): UserController->runAction()
#14 E:\Server\wwwroot\scorpion\framework\web\filters\CFilter.php(40): CFilterChain->run()
#15 E:\Server\wwwroot\scorpion\framework\web\CController.php(1145): CAccessControlFilter->filter()
#16 E:\Server\wwwroot\scorpion\framework\web\filters\CInlineFilter.php(58): UserController->filterAccessControl()
#17 E:\Server\wwwroot\scorpion\framework\web\filters\CFilterChain.php(130): CInlineFilter->filter()
#18 E:\Server\wwwroot\scorpion\framework\web\CController.php(291): CFilterChain->run()
#19 E:\Server\wwwroot\scorpion\framework\web\CController.php(265): UserController->runActionWithFilters()
#20 E:\Server\wwwroot\scorpion\framework\web\CWebApplication.php(282): UserController->run()
#21 E:\Server\wwwroot\scorpion\framework\web\CWebApplication.php(141): CWebApplication->runController()
#22 E:\Server\wwwroot\scorpion\framework\base\CApplication.php(169): CWebApplication->processRequest()
#23 E:\Server\wwwroot\scorpion\index.php(16): CWebApplication->run()
REQUEST_URI=/scorpion/index.php?r=user/manageuser
in E:\Server\wwwroot\scorpion\protected\views\user\manageUser.php (110)
in E:\Server\wwwroot\scorpion\protected\controllers\UserController.php (46)
in E:\Server\wwwroot\scorpion\index.php (16)
2013/05/05 16:02:55 [error] [php] include(CGridViewCustom.php): failed to open stream: No such file or directory (E:\Server\wwwroot\scorpion\framework\YiiBase.php:421)
Stack trace:
#0 E:\Server\wwwroot\scorpion\framework\web\CWidgetFactory.php(147): spl_autoload_call()
#1 E:\Server\wwwroot\scorpion\framework\web\CBaseController.php(146): CWidgetFactory->createWidget()
#2 E:\Server\wwwroot\scorpion\framework\web\CBaseController.php(172): UserController->createWidget()
#3 E:\Server\wwwroot\scorpion\protected\views\user\manageUser.php(110): UserController->widget()
#4 E:\Server\wwwroot\scorpion\framework\web\CBaseController.php(126): require()
#5 E:\Server\wwwroot\scorpion\framework\web\CBaseController.php(95): UserController->renderInternal()
#6 E:\Server\wwwroot\scorpion\framework\web\CController.php(869): UserController->renderFile()
#7 E:\Server\wwwroot\scorpion\framework\web\CController.php(782): UserController->renderPartial()
#8 E:\Server\wwwroot\scorpion\protected\controllers\UserController.php(46): UserController->render()
#9 E:\Server\wwwroot\scorpion\framework\web\actions\CInlineAction.php(49): UserController->actionManageUser()
#10 E:\Server\wwwroot\scorpion\framework\web\CController.php(308): CInlineAction->runWithParams()
#11 E:\Server\wwwroot\scorpion\framework\web\filters\CFilterChain.php(133): UserController->runAction()
#12 E:\Server\wwwroot\scorpion\framework\web\filters\CFilter.php(40): CFilterChain->run()
#13 E:\Server\wwwroot\scorpion\framework\web\CController.php(1145): CAccessControlFilter->filter()
#14 E:\Server\wwwroot\scorpion\framework\web\filters\CInlineFilter.php(58): UserController->filterAccessControl()
#15 E:\Server\wwwroot\scorpion\framework\web\filters\CFilterChain.php(130): CInlineFilter->filter()
#16 E:\Server\wwwroot\scorpion\framework\web\CController.php(291): CFilterChain->run()
#17 E:\Server\wwwroot\scorpion\framework\web\CController.php(265): UserController->runActionWithFilters()
#18 E:\Server\wwwroot\scorpion\framework\web\CWebApplication.php(282): UserController->run()
#19 E:\Server\wwwroot\scorpion\framework\web\CWebApplication.php(141): CWebApplication->runController()
#20 E:\Server\wwwroot\scorpion\framework\base\CApplication.php(169): CWebApplication->processRequest()
#21 E:\Server\wwwroot\scorpion\index.php(16): CWebApplication->run()
REQUEST_URI=/scorpion/index.php?r=user/manageuser
in E:\Server\wwwroot\scorpion\protected\views\user\manageUser.php (110)
in E:\Server\wwwroot\scorpion\protected\controllers\UserController.php (46)
in E:\Server\wwwroot\scorpion\index.php (16)
2013/05/05 16:03:44 [error] [php] include(CGridViewCustom.php): failed to open stream: No such file or directory (E:\Server\wwwroot\scorpion\framework\YiiBase.php:421)
Stack trace:
#0 E:\Server\wwwroot\scorpion\framework\web\CWidgetFactory.php(147): spl_autoload_call()
#1 E:\Server\wwwroot\scorpion\framework\web\CBaseController.php(146): CWidgetFactory->createWidget()
#2 E:\Server\wwwroot\scorpion\framework\web\CBaseController.php(172): UserController->createWidget()
#3 E:\Server\wwwroot\scorpion\protected\views\user\manageUser.php(110): UserController->widget()
#4 E:\Server\wwwroot\scorpion\framework\web\CBaseController.php(126): require()
#5 E:\Server\wwwroot\scorpion\framework\web\CBaseController.php(95): UserController->renderInternal()
#6 E:\Server\wwwroot\scorpion\framework\web\CController.php(869): UserController->renderFile()
#7 E:\Server\wwwroot\scorpion\framework\web\CController.php(782): UserController->renderPartial()
#8 E:\Server\wwwroot\scorpion\protected\controllers\UserController.php(46): UserController->render()
#9 E:\Server\wwwroot\scorpion\framework\web\actions\CInlineAction.php(49): UserController->actionManageUser()
#10 E:\Server\wwwroot\scorpion\framework\web\CController.php(308): CInlineAction->runWithParams()
#11 E:\Server\wwwroot\scorpion\framework\web\filters\CFilterChain.php(133): UserController->runAction()
#12 E:\Server\wwwroot\scorpion\framework\web\filters\CFilter.php(40): CFilterChain->run()
#13 E:\Server\wwwroot\scorpion\framework\web\CController.php(1145): CAccessControlFilter->filter()
#14 E:\Server\wwwroot\scorpion\framework\web\filters\CInlineFilter.php(58): UserController->filterAccessControl()
#15 E:\Server\wwwroot\scorpion\framework\web\filters\CFilterChain.php(130): CInlineFilter->filter()
#16 E:\Server\wwwroot\scorpion\framework\web\CController.php(291): CFilterChain->run()
#17 E:\Server\wwwroot\scorpion\framework\web\CController.php(265): UserController->runActionWithFilters()
#18 E:\Server\wwwroot\scorpion\framework\web\CWebApplication.php(282): UserController->run()
#19 E:\Server\wwwroot\scorpion\framework\web\CWebApplication.php(141): CWebApplication->runController()
#20 E:\Server\wwwroot\scorpion\framework\base\CApplication.php(169): CWebApplication->processRequest()
#21 E:\Server\wwwroot\scorpion\index.php(16): CWebApplication->run()
REQUEST_URI=/scorpion/index.php?r=user/manageuser
in E:\Server\wwwroot\scorpion\protected\views\user\manageUser.php (110)
in E:\Server\wwwroot\scorpion\protected\controllers\UserController.php (46)
in E:\Server\wwwroot\scorpion\index.php (16)
2013/07/27 23:56:45 [error] [exception.CException] exception 'CException' with message 'Alias "ext.GoogleMapWidget.GoogleMapWidget" is invalid. Make sure it points to an existing PHP file and the file is readable.' in E:\Server\wwwroot\scorpion\framework\YiiBase.php:316
Stack trace:
#0 E:\Server\wwwroot\scorpion\framework\web\CWidgetFactory.php(146): YiiBase::import('ext.GoogleMapWi...', true)
#1 E:\Server\wwwroot\scorpion\framework\web\CBaseController.php(146): CWidgetFactory->createWidget(Object(SiteController), 'ext.GoogleMapWi...', Array)
#2 E:\Server\wwwroot\scorpion\framework\web\CBaseController.php(172): CBaseController->createWidget('ext.GoogleMapWi...', Array)
#3 E:\Server\wwwroot\scorpion\protected\views\site\test.php(11): CBaseController->widget('ext.GoogleMapWi...', Array)
#4 E:\Server\wwwroot\scorpion\framework\web\CBaseController.php(126): require('E:\Server\wwwro...')
#5 E:\Server\wwwroot\scorpion\framework\web\CBaseController.php(95): CBaseController->renderInternal('E:\Server\wwwro...', NULL, true)
#6 E:\Server\wwwroot\scorpion\framework\web\CController.php(869): CBaseController->renderFile('E:\Server\wwwro...', NULL, true)
#7 E:\Server\wwwroot\scorpion\framework\web\CController.php(782): CController->renderPartial('test', NULL, true)
#8 E:\Server\wwwroot\scorpion\protected\controllers\SiteController.php(74): CController->render('test')
#9 E:\Server\wwwroot\scorpion\framework\web\actions\CInlineAction.php(49): SiteController->actionTest()
#10 E:\Server\wwwroot\scorpion\framework\web\CController.php(308): CInlineAction->runWithParams(Array)
#11 E:\Server\wwwroot\scorpion\framework\web\CController.php(286): CController->runAction(Object(CInlineAction))
#12 E:\Server\wwwroot\scorpion\framework\web\CController.php(265): CController->runActionWithFilters(Object(CInlineAction), Array)
#13 E:\Server\wwwroot\scorpion\framework\web\CWebApplication.php(282): CController->run('test')
#14 E:\Server\wwwroot\scorpion\framework\web\CWebApplication.php(141): CWebApplication->runController('site/test')
#15 E:\Server\wwwroot\scorpion\framework\base\CApplication.php(169): CWebApplication->processRequest()
#16 E:\Server\wwwroot\scorpion\index.php(16): CApplication->run()
#17 {main}
REQUEST_URI=/scorpion/index.php?r=site/test
---
2013/07/27 23:57:05 [error] [exception.CException] exception 'CException' with message 'Alias "ext.GoogleMap.GoogleMapWidget" is invalid. Make sure it points to an existing PHP file and the file is readable.' in E:\Server\wwwroot\scorpion\framework\YiiBase.php:316
Stack trace:
#0 E:\Server\wwwroot\scorpion\framework\web\CWidgetFactory.php(146): YiiBase::import('ext.GoogleMap.G...', true)
#1 E:\Server\wwwroot\scorpion\framework\web\CBaseController.php(146): CWidgetFactory->createWidget(Object(SiteController), 'ext.GoogleMap.G...', Array)
#2 E:\Server\wwwroot\scorpion\framework\web\CBaseController.php(172): CBaseController->createWidget('ext.GoogleMap.G...', Array)
#3 E:\Server\wwwroot\scorpion\protected\views\site\test.php(11): CBaseController->widget('ext.GoogleMap.G...', Array)
#4 E:\Server\wwwroot\scorpion\framework\web\CBaseController.php(126): require('E:\Server\wwwro...')
#5 E:\Server\wwwroot\scorpion\framework\web\CBaseController.php(95): CBaseController->renderInternal('E:\Server\wwwro...', NULL, true)
#6 E:\Server\wwwroot\scorpion\framework\web\CController.php(869): CBaseController->renderFile('E:\Server\wwwro...', NULL, true)
#7 E:\Server\wwwroot\scorpion\framework\web\CController.php(782): CController->renderPartial('test', NULL, true)
#8 E:\Server\wwwroot\scorpion\protected\controllers\SiteController.php(74): CController->render('test')
#9 E:\Server\wwwroot\scorpion\framework\web\actions\CInlineAction.php(49): SiteController->actionTest()
#10 E:\Server\wwwroot\scorpion\framework\web\CController.php(308): CInlineAction->runWithParams(Array)
#11 E:\Server\wwwroot\scorpion\framework\web\CController.php(286): CController->runAction(Object(CInlineAction))
#12 E:\Server\wwwroot\scorpion\framework\web\CController.php(265): CController->runActionWithFilters(Object(CInlineAction), Array)
#13 E:\Server\wwwroot\scorpion\framework\web\CWebApplication.php(282): CController->run('test')
#14 E:\Server\wwwroot\scorpion\framework\web\CWebApplication.php(141): CWebApplication->runController('site/test')
#15 E:\Server\wwwroot\scorpion\framework\base\CApplication.php(169): CWebApplication->processRequest()
#16 E:\Server\wwwroot\scorpion\index.php(16): CApplication->run()
#17 {main}
REQUEST_URI=/scorpion/index.php?r=site/test
---
2013/07/27 23:58:17 [error] [exception.CException] exception 'CException' with message 'Alias "ext.GoogleMap.GoogleMapWidget" is invalid. Make sure it points to an existing PHP file and the file is readable.' in E:\Server\wwwroot\scorpion\framework\YiiBase.php:316
Stack trace:
#0 E:\Server\wwwroot\scorpion\framework\web\CWidgetFactory.php(146): YiiBase::import('ext.GoogleMap.G...', true)
#1 E:\Server\wwwroot\scorpion\framework\web\CBaseController.php(146): CWidgetFactory->createWidget(Object(SiteController), 'ext.GoogleMap.G...', Array)
#2 E:\Server\wwwroot\scorpion\framework\web\CBaseController.php(172): CBaseController->createWidget('ext.GoogleMap.G...', Array)
#3 E:\Server\wwwroot\scorpion\protected\views\site\test.php(11): CBaseController->widget('ext.GoogleMap.G...', Array)
#4 E:\Server\wwwroot\scorpion\framework\web\CBaseController.php(126): require('E:\Server\wwwro...')
#5 E:\Server\wwwroot\scorpion\framework\web\CBaseController.php(95): CBaseController->renderInternal('E:\Server\wwwro...', NULL, true)
#6 E:\Server\wwwroot\scorpion\framework\web\CController.php(869): CBaseController->renderFile('E:\Server\wwwro...', NULL, true)
#7 E:\Server\wwwroot\scorpion\framework\web\CController.php(782): CController->renderPartial('test', NULL, true)
#8 E:\Server\wwwroot\scorpion\protected\controllers\SiteController.php(74): CController->render('test')
#9 E:\Server\wwwroot\scorpion\framework\web\actions\CInlineAction.php(49): SiteController->actionTest()
#10 E:\Server\wwwroot\scorpion\framework\web\CController.php(308): CInlineAction->runWithParams(Array)
#11 E:\Server\wwwroot\scorpion\framework\web\CController.php(286): CController->runAction(Object(CInlineAction))
#12 E:\Server\wwwroot\scorpion\framework\web\CController.php(265): CController->runActionWithFilters(Object(CInlineAction), Array)
#13 E:\Server\wwwroot\scorpion\framework\web\CWebApplication.php(282): CController->run('test')
#14 E:\Server\wwwroot\scorpion\framework\web\CWebApplication.php(141): CWebApplication->runController('site/test')
#15 E:\Server\wwwroot\scorpion\framework\base\CApplication.php(169): CWebApplication->processRequest()
#16 E:\Server\wwwroot\scorpion\index.php(16): CApplication->run()
#17 {main}
REQUEST_URI=/scorpion/index.php?r=site/test
---
2013/07/27 23:58:18 [error] [exception.CException] exception 'CException' with message 'Alias "ext.GoogleMap.GoogleMapWidget" is invalid. Make sure it points to an existing PHP file and the file is readable.' in E:\Server\wwwroot\scorpion\framework\YiiBase.php:316
Stack trace:
#0 E:\Server\wwwroot\scorpion\framework\web\CWidgetFactory.php(146): YiiBase::import('ext.GoogleMap.G...', true)
#1 E:\Server\wwwroot\scorpion\framework\web\CBaseController.php(146): CWidgetFactory->createWidget(Object(SiteController), 'ext.GoogleMap.G...', Array)
#2 E:\Server\wwwroot\scorpion\framework\web\CBaseController.php(172): CBaseController->createWidget('ext.GoogleMap.G...', Array)
#3 E:\Server\wwwroot\scorpion\protected\views\site\test.php(11): CBaseController->widget('ext.GoogleMap.G...', Array)
#4 E:\Server\wwwroot\scorpion\framework\web\CBaseController.php(126): require('E:\Server\wwwro...')
#5 E:\Server\wwwroot\scorpion\framework\web\CBaseController.php(95): CBaseController->renderInternal('E:\Server\wwwro...', NULL, true)
#6 E:\Server\wwwroot\scorpion\framework\web\CController.php(869): CBaseController->renderFile('E:\Server\wwwro...', NULL, true)
#7 E:\Server\wwwroot\scorpion\framework\web\CController.php(782): CController->renderPartial('test', NULL, true)
#8 E:\Server\wwwroot\scorpion\protected\controllers\SiteController.php(74): CController->render('test')
#9 E:\Server\wwwroot\scorpion\framework\web\actions\CInlineAction.php(49): SiteController->actionTest()
#10 E:\Server\wwwroot\scorpion\framework\web\CController.php(308): CInlineAction->runWithParams(Array)
#11 E:\Server\wwwroot\scorpion\framework\web\CController.php(286): CController->runAction(Object(CInlineAction))
#12 E:\Server\wwwroot\scorpion\framework\web\CController.php(265): CController->runActionWithFilters(Object(CInlineAction), Array)
#13 E:\Server\wwwroot\scorpion\framework\web\CWebApplication.php(282): CController->run('test')
#14 E:\Server\wwwroot\scorpion\framework\web\CWebApplication.php(141): CWebApplication->runController('site/test')
#15 E:\Server\wwwroot\scorpion\framework\base\CApplication.php(169): CWebApplication->processRequest()
#16 E:\Server\wwwroot\scorpion\index.php(16): CApplication->run()
#17 {main}
REQUEST_URI=/scorpion/index.php?r=site/test
---
2013/07/27 23:58:18 [error] [exception.CException] exception 'CException' with message 'Alias "ext.GoogleMap.GoogleMapWidget" is invalid. Make sure it points to an existing PHP file and the file is readable.' in E:\Server\wwwroot\scorpion\framework\YiiBase.php:316
Stack trace:
#0 E:\Server\wwwroot\scorpion\framework\web\CWidgetFactory.php(146): YiiBase::import('ext.GoogleMap.G...', true)
#1 E:\Server\wwwroot\scorpion\framework\web\CBaseController.php(146): CWidgetFactory->createWidget(Object(SiteController), 'ext.GoogleMap.G...', Array)
#2 E:\Server\wwwroot\scorpion\framework\web\CBaseController.php(172): CBaseController->createWidget('ext.GoogleMap.G...', Array)
#3 E:\Server\wwwroot\scorpion\protected\views\site\test.php(11): CBaseController->widget('ext.GoogleMap.G...', Array)
#4 E:\Server\wwwroot\scorpion\framework\web\CBaseController.php(126): require('E:\Server\wwwro...')
#5 E:\Server\wwwroot\scorpion\framework\web\CBaseController.php(95): CBaseController->renderInternal('E:\Server\wwwro...', NULL, true)
#6 E:\Server\wwwroot\scorpion\framework\web\CController.php(869): CBaseController->renderFile('E:\Server\wwwro...', NULL, true)
#7 E:\Server\wwwroot\scorpion\framework\web\CController.php(782): CController->renderPartial('test', NULL, true)
#8 E:\Server\wwwroot\scorpion\protected\controllers\SiteController.php(74): CController->render('test')
#9 E:\Server\wwwroot\scorpion\framework\web\actions\CInlineAction.php(49): SiteController->actionTest()
#10 E:\Server\wwwroot\scorpion\framework\web\CController.php(308): CInlineAction->runWithParams(Array)
#11 E:\Server\wwwroot\scorpion\framework\web\CController.php(286): CController->runAction(Object(CInlineAction))
#12 E:\Server\wwwroot\scorpion\framework\web\CController.php(265): CController->runActionWithFilters(Object(CInlineAction), Array)
#13 E:\Server\wwwroot\scorpion\framework\web\CWebApplication.php(282): CController->run('test')
#14 E:\Server\wwwroot\scorpion\framework\web\CWebApplication.php(141): CWebApplication->runController('site/test')
#15 E:\Server\wwwroot\scorpion\framework\base\CApplication.php(169): CWebApplication->processRequest()
#16 E:\Server\wwwroot\scorpion\index.php(16): CApplication->run()
#17 {main}
REQUEST_URI=/scorpion/index.php?r=site/test
---
2013/08/01 23:22:45 [error] [system.db.CDbCommand] CDbCommand::fetchAll() failed: SQLSTATE[42S02]: Base table or view not found: 1146 Table 'default.d_group_permission' doesn't exist. The SQL statement executed was: SHOW FULL COLUMNS FROM `d_group_permission`.
in E:\Server\wwwroot\scorpion\index.php (16)
2014/06/07 10:30:41 [error] [exception.CHttpException.404] exception 'CHttpException' with message 'The system is unable to find the requested action "adduser".' in E:\Server\wwwroot\Travel\framework\web\CController.php:483
Stack trace:
#0 E:\Server\wwwroot\Travel\framework\web\CController.php(270): CController->missingAction('adduser')
#1 E:\Server\wwwroot\Travel\framework\web\CWebApplication.php(282): CController->run('adduser')
#2 E:\Server\wwwroot\Travel\framework\web\CWebApplication.php(141): CWebApplication->runController('user/adduser')
#3 E:\Server\wwwroot\Travel\framework\base\CApplication.php(169): CWebApplication->processRequest()
#4 E:\Server\wwwroot\Travel\index.php(16): CApplication->run()
#5 {main}
REQUEST_URI=/travel/index.php?r=user/adduser
HTTP_REFERER=http://localhost/travel/index.php?r=user/manageuser
---
